-------------------------------------------------------------------------------
Test set: org.dalvarez.shop.core.domain.shared.validation.DoubleInRangeValidatorShouldTestCase
-------------------------------------------------------------------------------
Tests run: 5, Failures: 2, Errors: 0, Skipped: 0, Time elapsed: 0.005 s <<< FAILURE! - in org.dalvarez.shop.core.domain.shared.validation.DoubleInRangeValidatorShouldTestCase
shouldNotPassValidationCauseIsLower  Time elapsed: 0.001 s  <<< FAILURE!
org.opentest4j.AssertionFailedError: expected: <Field <?=0.55> has not passed the validator <InRangeValidator> cause the value is out of range [<minValue=%.2f>, <maxValue=%.2f>]> but was: <Field <?=0.55> has not passed the validator <InRangeValidator> cause the value is out of range [<minValue=100.25>, <maxValue=1000.50>]>
	at org.dalvarez.shop.core.domain.shared.validation.DoubleInRangeValidatorShouldTestCase.shouldNotPassValidationCauseIsLower(DoubleInRangeValidatorShouldTestCase.java:27)

shouldNotPassValidationCauseIsHigher  Time elapsed: 0.001 s  <<< FAILURE!
org.opentest4j.AssertionFailedError: expected: <Field <?=1001.75> has not passed the validator <InRangeValidator> cause the value is out of range [<minValue=%.2f>, <maxValue=%.2f>]> but was: <Field <?=1001.75> has not passed the validator <InRangeValidator> cause the value is out of range [<minValue=100.25>, <maxValue=1000.50>]>
	at org.dalvarez.shop.core.domain.shared.validation.DoubleInRangeValidatorShouldTestCase.shouldNotPassValidationCauseIsHigher(DoubleInRangeValidatorShouldTestCase.java:34)

