<?xml version="1.0" encoding="UTF-8"?>
<testsuite xmlns:xsi="http://www.w3.org/2001/XMLSchema-instance" xsi:noNamespaceSchemaLocation="https://maven.apache.org/surefire/maven-surefire-plugin/xsd/surefire-test-report.xsd" name="org.dalvarez.shop.core.infrastructure.hibernate_persistence.HibernateCriteriaConverterShouldTestCase" time="0.015" tests="1" errors="1" skipped="0" failures="0">
  <properties>
[...]
</properties>
  <testcase name="shouldHasDescendingOrder" classname="org.dalvarez.shop.core.infrastructure.hibernate_persistence.HibernateCriteriaConverterShouldTestCase" time="0.013">
    <error message="&apos;org.dalvarez.shop.core.domain.shared.criteria.Criteria$Builder org.dalvarez.shop.core.domain.shared.criteria.Criteria$Builder.withOrder(org.dalvarez.shop.core.domain.shared.criteria.Order)&apos;" type="java.lang.NoSuchMethodError">java.lang.NoSuchMethodError: 'org.dalvarez.shop.core.domain.shared.criteria.Criteria$Builder org.dalvarez.shop.core.domain.shared.criteria.Criteria$Builder.withOrder(org.dalvarez.shop.core.domain.shared.criteria.Order)'
	at org.dalvarez.shop.core.infrastructure.hibernate_persistence.HibernateCriteriaConverterShouldTestCase.shouldHasDescendingOrder(HibernateCriteriaConverterShouldTestCase.java:39)
</error>
  </testcase>
</testsuite>