<?xml version="1.0" encoding="UTF-8"?>
<testsuite xmlns:xsi="http://www.w3.org/2001/XMLSchema-instance" xsi:noNamespaceSchemaLocation="https://maven.apache.org/surefire/maven-surefire-plugin/xsd/surefire-test-report.xsd" name="org.dalvarez.shop.core.domain.shared.validation.IntegerInRangeValidatorShouldTestCase" time="0.003" tests="5" errors="0" skipped="0" failures="2">
  <properties>
[...]
</properties>
  <testcase name="shouldNotPassTheValidationCauseIsNull" classname="org.dalvarez.shop.core.domain.shared.validation.IntegerInRangeValidatorShouldTestCase" time="0.001"/>
  <testcase name="shouldNotPassValidationCauseIsLower" classname="org.dalvarez.shop.core.domain.shared.validation.IntegerInRangeValidatorShouldTestCase" time="0">
    <failure message="expected: &lt;Field &lt;?=0&gt; has not passed the validator &lt;InRangeValidator&gt; cause the value is out of range [&lt;minValue=%.2f&gt;, &lt;maxValue=%.2f&gt;]&gt; but was: &lt;Field &lt;?=0&gt; has not passed the validator &lt;InRangeValidator&gt; cause the value is out of range [&lt;minValue=100.00&gt;, &lt;maxValue=1000.00&gt;]&gt;" type="org.opentest4j.AssertionFailedError"><![CDATA[org.opentest4j.AssertionFailedError: expected: <Field <?=0> has not passed the validator <InRangeValidator> cause the value is out of range [<minValue=%.2f>, <maxValue=%.2f>]> but was: <Field <?=0> has not passed the validator <InRangeValidator> cause the value is out of range [<minValue=100.00>, <maxValue=1000.00>]>
	at org.dalvarez.shop.core.domain.shared.validation.IntegerInRangeValidatorShouldTestCase.shouldNotPassValidationCauseIsLower(IntegerInRangeValidatorShouldTestCase.java:26)
]]></failure>
    <system-out><![CDATA[22:58:59.219 [main] INFO org.dalvarez.shop.core.domain.shared.validation.BaseValidatorTestCase - Exception message: Field <?=0> has not passed the validator <InRangeValidator> cause the value is out of range [<minValue=100.00>, <maxValue=1000.00>]
22:58:59.219 [main] INFO org.dalvarez.shop.core.domain.shared.validation.BaseValidatorTestCase - Expected message: Field <?=0> has not passed the validator <InRangeValidator> cause the value is out of range [<minValue=%.2f>, <maxValue=%.2f>]
]]></system-out>
  </testcase>
  <testcase name="shouldNotPassValidationCauseIsHigher" classname="org.dalvarez.shop.core.domain.shared.validation.IntegerInRangeValidatorShouldTestCase" time="0.001">
    <failure message="expected: &lt;Field &lt;?=1001&gt; has not passed the validator &lt;InRangeValidator&gt; cause the value is out of range [&lt;minValue=%.2f&gt;, &lt;maxValue=%.2f&gt;]&gt; but was: &lt;Field &lt;?=1001&gt; has not passed the validator &lt;InRangeValidator&gt; cause the value is out of range [&lt;minValue=100.00&gt;, &lt;maxValue=1000.00&gt;]&gt;" type="org.opentest4j.AssertionFailedError"><![CDATA[org.opentest4j.AssertionFailedError: expected: <Field <?=1001> has not passed the validator <InRangeValidator> cause the value is out of range [<minValue=%.2f>, <maxValue=%.2f>]> but was: <Field <?=1001> has not passed the validator <InRangeValidator> cause the value is out of range [<minValue=100.00>, <maxValue=1000.00>]>
	at org.dalvarez.shop.core.domain.shared.validation.IntegerInRangeValidatorShouldTestCase.shouldNotPassValidationCauseIsHigher(IntegerInRangeValidatorShouldTestCase.java:33)
]]></failure>
    <system-out><![CDATA[22:58:59.220 [main] INFO org.dalvarez.shop.core.domain.shared.validation.BaseValidatorTestCase - Exception message: Field <?=1001> has not passed the validator <InRangeValidator> cause the value is out of range [<minValue=100.00>, <maxValue=1000.00>]
22:58:59.220 [main] INFO org.dalvarez.shop.core.domain.shared.validation.BaseValidatorTestCase - Expected message: Field <?=1001> has not passed the validator <InRangeValidator> cause the value is out of range [<minValue=%.2f>, <maxValue=%.2f>]
]]></system-out>
  </testcase>
  <testcase name="shouldPassTheValidation" classname="org.dalvarez.shop.core.domain.shared.validation.IntegerInRangeValidatorShouldTestCase" time="0"/>
  <testcase name="shouldNotPassValidationCauseIsNull" classname="org.dalvarez.shop.core.domain.shared.validation.IntegerInRangeValidatorShouldTestCase" time="0.001"/>
</testsuite>